Created by PLY version 3.11 (http://www.dabeaz.com/ply)

Grammar

Rule 0     S' -> expression
Rule 1     expression -> expression + expression
Rule 2     expression -> expression - expression
Rule 3     expression -> expression * expression
Rule 4     expression -> expression / expression
Rule 5     expression -> expression % expression
Rule 6     expression -> - expression
Rule 7     expression -> FLOAT
Rule 8     expression -> INT
Rule 9     expression -> ( expression )

Terminals, with rules where they appear

%                    : 5
(                    : 9
)                    : 9
*                    : 3
+                    : 1
-                    : 2 6
/                    : 4
FLOAT                : 7
INT                  : 8
error                : 

Nonterminals, with rules where they appear

expression           : 1 1 2 2 3 3 4 4 5 5 6 9 0

Parsing method: LALR

state 0

    (0) S' -> . expression
    (1) expression -> . expression + expression
    (2) expression -> . expression - expression
    (3) expression -> . expression * expression
    (4) expression -> . expression / expression
    (5) expression -> . expression % expression
    (6) expression -> . - expression
    (7) expression -> . FLOAT
    (8) expression -> . INT
    (9) expression -> . ( expression )

    -               shift and go to state 2
    FLOAT           shift and go to state 3
    INT             shift and go to state 4
    (               shift and go to state 5

    expression                     shift and go to state 1

state 1

    (0) S' -> expression .
    (1) expression -> expression . + expression
    (2) expression -> expression . - expression
    (3) expression -> expression . * expression
    (4) expression -> expression . / expression
    (5) expression -> expression . % expression

    +               shift and go to state 6
    -               shift and go to state 7
    *               shift and go to state 8
    /               shift and go to state 9
    %               shift and go to state 10


state 2

    (6) expression -> - . expression
    (1) expression -> . expression + expression
    (2) expression -> . expression - expression
    (3) expression -> . expression * expression
    (4) expression -> . expression / expression
    (5) expression -> . expression % expression
    (6) expression -> . - expression
    (7) expression -> . FLOAT
    (8) expression -> . INT
    (9) expression -> . ( expression )

    -               shift and go to state 2
    FLOAT           shift and go to state 3
    INT             shift and go to state 4
    (               shift and go to state 5

    expression                     shift and go to state 11

state 3

    (7) expression -> FLOAT .

    +               reduce using rule 7 (expression -> FLOAT .)
    -               reduce using rule 7 (expression -> FLOAT .)
    *               reduce using rule 7 (expression -> FLOAT .)
    /               reduce using rule 7 (expression -> FLOAT .)
    %               reduce using rule 7 (expression -> FLOAT .)
    $end            reduce using rule 7 (expression -> FLOAT .)
    )               reduce using rule 7 (expression -> FLOAT .)


state 4

    (8) expression -> INT .

    +               reduce using rule 8 (expression -> INT .)
    -               reduce using rule 8 (expression -> INT .)
    *               reduce using rule 8 (expression -> INT .)
    /               reduce using rule 8 (expression -> INT .)
    %               reduce using rule 8 (expression -> INT .)
    $end            reduce using rule 8 (expression -> INT .)
    )               reduce using rule 8 (expression -> INT .)


state 5

    (9) expression -> ( . expression )
    (1) expression -> . expression + expression
    (2) expression -> . expression - expression
    (3) expression -> . expression * expression
    (4) expression -> . expression / expression
    (5) expression -> . expression % expression
    (6) expression -> . - expression
    (7) expression -> . FLOAT
    (8) expression -> . INT
    (9) expression -> . ( expression )

    -               shift and go to state 2
    FLOAT           shift and go to state 3
    INT             shift and go to state 4
    (               shift and go to state 5

    expression                     shift and go to state 12

state 6

    (1) expression -> expression + . expression
    (1) expression -> . expression + expression
    (2) expression -> . expression - expression
    (3) expression -> . expression * expression
    (4) expression -> . expression / expression
    (5) expression -> . expression % expression
    (6) expression -> . - expression
    (7) expression -> . FLOAT
    (8) expression -> . INT
    (9) expression -> . ( expression )

    -               shift and go to state 2
    FLOAT           shift and go to state 3
    INT             shift and go to state 4
    (               shift and go to state 5

    expression                     shift and go to state 13

state 7

    (2) expression -> expression - . expression
    (1) expression -> . expression + expression
    (2) expression -> . expression - expression
    (3) expression -> . expression * expression
    (4) expression -> . expression / expression
    (5) expression -> . expression % expression
    (6) expression -> . - expression
    (7) expression -> . FLOAT
    (8) expression -> . INT
    (9) expression -> . ( expression )

    -               shift and go to state 2
    FLOAT           shift and go to state 3
    INT             shift and go to state 4
    (               shift and go to state 5

    expression                     shift and go to state 14

state 8

    (3) expression -> expression * . expression
    (1) expression -> . expression + expression
    (2) expression -> . expression - expression
    (3) expression -> . expression * expression
    (4) expression -> . expression / expression
    (5) expression -> . expression % expression
    (6) expression -> . - expression
    (7) expression -> . FLOAT
    (8) expression -> . INT
    (9) expression -> . ( expression )

    -               shift and go to state 2
    FLOAT           shift and go to state 3
    INT             shift and go to state 4
    (               shift and go to state 5

    expression                     shift and go to state 15

state 9

    (4) expression -> expression / . expression
    (1) expression -> . expression + expression
    (2) expression -> . expression - expression
    (3) expression -> . expression * expression
    (4) expression -> . expression / expression
    (5) expression -> . expression % expression
    (6) expression -> . - expression
    (7) expression -> . FLOAT
    (8) expression -> . INT
    (9) expression -> . ( expression )

    -               shift and go to state 2
    FLOAT           shift and go to state 3
    INT             shift and go to state 4
    (               shift and go to state 5

    expression                     shift and go to state 16

state 10

    (5) expression -> expression % . expression
    (1) expression -> . expression + expression
    (2) expression -> . expression - expression
    (3) expression -> . expression * expression
    (4) expression -> . expression / expression
    (5) expression -> . expression % expression
    (6) expression -> . - expression
    (7) expression -> . FLOAT
    (8) expression -> . INT
    (9) expression -> . ( expression )

    -               shift and go to state 2
    FLOAT           shift and go to state 3
    INT             shift and go to state 4
    (               shift and go to state 5

    expression                     shift and go to state 17

state 11

    (6) expression -> - expression .
    (1) expression -> expression . + expression
    (2) expression -> expression . - expression
    (3) expression -> expression . * expression
    (4) expression -> expression . / expression
    (5) expression -> expression . % expression

    +               reduce using rule 6 (expression -> - expression .)
    -               reduce using rule 6 (expression -> - expression .)
    *               reduce using rule 6 (expression -> - expression .)
    /               reduce using rule 6 (expression -> - expression .)
    %               reduce using rule 6 (expression -> - expression .)
    $end            reduce using rule 6 (expression -> - expression .)
    )               reduce using rule 6 (expression -> - expression .)

  ! +               [ shift and go to state 6 ]
  ! -               [ shift and go to state 7 ]
  ! *               [ shift and go to state 8 ]
  ! /               [ shift and go to state 9 ]
  ! %               [ shift and go to state 10 ]


state 12

    (9) expression -> ( expression . )
    (1) expression -> expression . + expression
    (2) expression -> expression . - expression
    (3) expression -> expression . * expression
    (4) expression -> expression . / expression
    (5) expression -> expression . % expression

    )               shift and go to state 18
    +               shift and go to state 6
    -               shift and go to state 7
    *               shift and go to state 8
    /               shift and go to state 9
    %               shift and go to state 10


state 13

    (1) expression -> expression + expression .
    (1) expression -> expression . + expression
    (2) expression -> expression . - expression
    (3) expression -> expression . * expression
    (4) expression -> expression . / expression
    (5) expression -> expression . % expression

    +               reduce using rule 1 (expression -> expression + expression .)
    -               reduce using rule 1 (expression -> expression + expression .)
    %               reduce using rule 1 (expression -> expression + expression .)
    $end            reduce using rule 1 (expression -> expression + expression .)
    )               reduce using rule 1 (expression -> expression + expression .)
    *               shift and go to state 8
    /               shift and go to state 9

  ! *               [ reduce using rule 1 (expression -> expression + expression .) ]
  ! /               [ reduce using rule 1 (expression -> expression + expression .) ]
  ! +               [ shift and go to state 6 ]
  ! -               [ shift and go to state 7 ]
  ! %               [ shift and go to state 10 ]


state 14

    (2) expression -> expression - expression .
    (1) expression -> expression . + expression
    (2) expression -> expression . - expression
    (3) expression -> expression . * expression
    (4) expression -> expression . / expression
    (5) expression -> expression . % expression

    +               reduce using rule 2 (expression -> expression - expression .)
    -               reduce using rule 2 (expression -> expression - expression .)
    %               reduce using rule 2 (expression -> expression - expression .)
    $end            reduce using rule 2 (expression -> expression - expression .)
    )               reduce using rule 2 (expression -> expression - expression .)
    *               shift and go to state 8
    /               shift and go to state 9

  ! *               [ reduce using rule 2 (expression -> expression - expression .) ]
  ! /               [ reduce using rule 2 (expression -> expression - expression .) ]
  ! +               [ shift and go to state 6 ]
  ! -               [ shift and go to state 7 ]
  ! %               [ shift and go to state 10 ]


state 15

    (3) expression -> expression * expression .
    (1) expression -> expression . + expression
    (2) expression -> expression . - expression
    (3) expression -> expression . * expression
    (4) expression -> expression . / expression
    (5) expression -> expression . % expression

    +               reduce using rule 3 (expression -> expression * expression .)
    -               reduce using rule 3 (expression -> expression * expression .)
    *               reduce using rule 3 (expression -> expression * expression .)
    /               reduce using rule 3 (expression -> expression * expression .)
    %               reduce using rule 3 (expression -> expression * expression .)
    $end            reduce using rule 3 (expression -> expression * expression .)
    )               reduce using rule 3 (expression -> expression * expression .)

  ! +               [ shift and go to state 6 ]
  ! -               [ shift and go to state 7 ]
  ! *               [ shift and go to state 8 ]
  ! /               [ shift and go to state 9 ]
  ! %               [ shift and go to state 10 ]


state 16

    (4) expression -> expression / expression .
    (1) expression -> expression . + expression
    (2) expression -> expression . - expression
    (3) expression -> expression . * expression
    (4) expression -> expression . / expression
    (5) expression -> expression . % expression

    +               reduce using rule 4 (expression -> expression / expression .)
    -               reduce using rule 4 (expression -> expression / expression .)
    *               reduce using rule 4 (expression -> expression / expression .)
    /               reduce using rule 4 (expression -> expression / expression .)
    %               reduce using rule 4 (expression -> expression / expression .)
    $end            reduce using rule 4 (expression -> expression / expression .)
    )               reduce using rule 4 (expression -> expression / expression .)

  ! +               [ shift and go to state 6 ]
  ! -               [ shift and go to state 7 ]
  ! *               [ shift and go to state 8 ]
  ! /               [ shift and go to state 9 ]
  ! %               [ shift and go to state 10 ]


state 17

    (5) expression -> expression % expression .
    (1) expression -> expression . + expression
    (2) expression -> expression . - expression
    (3) expression -> expression . * expression
    (4) expression -> expression . / expression
    (5) expression -> expression . % expression

  ! shift/reduce conflict for + resolved as shift
  ! shift/reduce conflict for - resolved as shift
  ! shift/reduce conflict for * resolved as shift
  ! shift/reduce conflict for / resolved as shift
  ! shift/reduce conflict for % resolved as shift
    $end            reduce using rule 5 (expression -> expression % expression .)
    )               reduce using rule 5 (expression -> expression % expression .)
    +               shift and go to state 6
    -               shift and go to state 7
    *               shift and go to state 8
    /               shift and go to state 9
    %               shift and go to state 10

  ! +               [ reduce using rule 5 (expression -> expression % expression .) ]
  ! -               [ reduce using rule 5 (expression -> expression % expression .) ]
  ! *               [ reduce using rule 5 (expression -> expression % expression .) ]
  ! /               [ reduce using rule 5 (expression -> expression % expression .) ]
  ! %               [ reduce using rule 5 (expression -> expression % expression .) ]


state 18

    (9) expression -> ( expression ) .

    +               reduce using rule 9 (expression -> ( expression ) .)
    -               reduce using rule 9 (expression -> ( expression ) .)
    *               reduce using rule 9 (expression -> ( expression ) .)
    /               reduce using rule 9 (expression -> ( expression ) .)
    %               reduce using rule 9 (expression -> ( expression ) .)
    $end            reduce using rule 9 (expression -> ( expression ) .)
    )               reduce using rule 9 (expression -> ( expression ) .)

WARNING: 
WARNING: Conflicts:
WARNING: 
WARNING: shift/reduce conflict for + in state 17 resolved as shift
WARNING: shift/reduce conflict for - in state 17 resolved as shift
WARNING: shift/reduce conflict for * in state 17 resolved as shift
WARNING: shift/reduce conflict for / in state 17 resolved as shift
WARNING: shift/reduce conflict for % in state 17 resolved as shift
